<?xml version="1.0" encoding="UTF-8"?>
<!-- Generated by org.testng.reporters.JUnitXMLReporter -->
<testsuite ignored="3" hostname="DESKTOP-RV4J6LG" failures="0" tests="1" name="Default test" time="5.966" errors="0" timestamp="2024-01-21T19:35:41 IST">
  <testcase classname="api.test.UserTests" name="testPostUser" time="4.305"/>
  <testcase classname="api.test.UserTests" name="testUpdateUserByName" time="0.0">
    <ignored/>
  </testcase> <!-- testUpdateUserByName -->
  <testcase classname="api.test.UserTests" name="testDeleteUserByName" time="0.0">
    <ignored/>
  </testcase> <!-- testDeleteUserByName -->
  <testcase classname="api.test.UserTests" name="testGetUserByName" time="0.0">
    <ignored/>
  </testcase> <!-- testGetUserByName -->
</testsuite> <!-- Default test -->
